app/ketua/page.tsx(6,28): error TS1261: Already included file name 'D:/proyek/Tuntasin/components/ketua/ketuaDashboard.tsx' differs from file name 'D:/proyek/Tuntasin/components/ketua/KetuaDashboard.tsx' only in casing.
  The file is in the program because:
    Imported via '@/components/ketua/ketuaDashboard' from file 'D:/proyek/Tuntasin/app/ketua/page.tsx'
    Matched by include pattern '**/*.tsx' in 'D:/proyek/Tuntasin/tsconfig.json'
app/ketua/page.tsx(59,9): error TS2339: Property 'ketuaDashboard' does not exist on type 'JSX.IntrinsicElements'.
components/ketua/ketuaDashboard.tsx(5,26): error TS1149: File name 'D:/proyek/Tuntasin/hooks/useketua.ts' differs from already included file name 'D:/proyek/Tuntasin/hooks/useKetua.ts' only in casing.
  The file is in the program because:
    Matched by include pattern '**/*.ts' in 'D:/proyek/Tuntasin/tsconfig.json'
    Imported via '@/hooks/useketua' from file 'D:/proyek/Tuntasin/components/layout/Sidebar.tsx'
    Imported via '@/hooks/useketua' from file 'D:/proyek/Tuntasin/components/layout/BottomNavigation.tsx'
    Imported via '@/hooks/useketua' from file 'D:/proyek/Tuntasin/components/threads/ThreadQuickView.tsx'
    Imported via '@/hooks/useketua' from file 'D:/proyek/Tuntasin/components/ketua/ketuaDashboard.tsx'
    Imported via '@/hooks/useketua' from file 'D:/proyek/Tuntasin/components/ketua/SubscriptionStatusCard.tsx'
    Imported via '@/hooks/useketua' from file 'D:/proyek/Tuntasin/components/schedule/ScheduleManager.tsx'
components/ketua/SubscriptionStatusCard.tsx(5,26): error TS1149: File name 'D:/proyek/Tuntasin/hooks/useketua.ts' differs from already included file name 'D:/proyek/Tuntasin/hooks/useKetua.ts' only in casing.
  The file is in the program because:
    Matched by include pattern '**/*.ts' in 'D:/proyek/Tuntasin/tsconfig.json'
    Imported via '@/hooks/useketua' from file 'D:/proyek/Tuntasin/components/layout/Sidebar.tsx'
    Imported via '@/hooks/useketua' from file 'D:/proyek/Tuntasin/components/layout/BottomNavigation.tsx'
    Imported via '@/hooks/useketua' from file 'D:/proyek/Tuntasin/components/threads/ThreadQuickView.tsx'
    Imported via '@/hooks/useketua' from file 'D:/proyek/Tuntasin/components/ketua/ketuaDashboard.tsx'
    Imported via '@/hooks/useketua' from file 'D:/proyek/Tuntasin/components/ketua/SubscriptionStatusCard.tsx'
    Imported via '@/hooks/useketua' from file 'D:/proyek/Tuntasin/components/schedule/ScheduleManager.tsx'
components/layout/BottomNavigation.tsx(6,26): error TS1149: File name 'D:/proyek/Tuntasin/hooks/useketua.ts' differs from already included file name 'D:/proyek/Tuntasin/hooks/useKetua.ts' only in casing.
  The file is in the program because:
    Matched by include pattern '**/*.ts' in 'D:/proyek/Tuntasin/tsconfig.json'
    Imported via '@/hooks/useketua' from file 'D:/proyek/Tuntasin/components/layout/Sidebar.tsx'
    Imported via '@/hooks/useketua' from file 'D:/proyek/Tuntasin/components/layout/BottomNavigation.tsx'
    Imported via '@/hooks/useketua' from file 'D:/proyek/Tuntasin/components/threads/ThreadQuickView.tsx'
    Imported via '@/hooks/useketua' from file 'D:/proyek/Tuntasin/components/ketua/ketuaDashboard.tsx'
    Imported via '@/hooks/useketua' from file 'D:/proyek/Tuntasin/components/ketua/SubscriptionStatusCard.tsx'
    Imported via '@/hooks/useketua' from file 'D:/proyek/Tuntasin/components/schedule/ScheduleManager.tsx'
components/layout/Sidebar.tsx(17,26): error TS1149: File name 'D:/proyek/Tuntasin/hooks/useketua.ts' differs from already included file name 'D:/proyek/Tuntasin/hooks/useKetua.ts' only in casing.
  The file is in the program because:
    Matched by include pattern '**/*.ts' in 'D:/proyek/Tuntasin/tsconfig.json'
    Imported via '@/hooks/useketua' from file 'D:/proyek/Tuntasin/components/layout/Sidebar.tsx'
    Imported via '@/hooks/useketua' from file 'D:/proyek/Tuntasin/components/layout/BottomNavigation.tsx'
    Imported via '@/hooks/useketua' from file 'D:/proyek/Tuntasin/components/threads/ThreadQuickView.tsx'
    Imported via '@/hooks/useketua' from file 'D:/proyek/Tuntasin/components/ketua/ketuaDashboard.tsx'
    Imported via '@/hooks/useketua' from file 'D:/proyek/Tuntasin/components/ketua/SubscriptionStatusCard.tsx'
    Imported via '@/hooks/useketua' from file 'D:/proyek/Tuntasin/components/schedule/ScheduleManager.tsx'
components/schedule/ScheduleManager.tsx(4,26): error TS1149: File name 'D:/proyek/Tuntasin/hooks/useketua.ts' differs from already included file name 'D:/proyek/Tuntasin/hooks/useKetua.ts' only in casing.
  The file is in the program because:
    Matched by include pattern '**/*.ts' in 'D:/proyek/Tuntasin/tsconfig.json'
    Imported via '@/hooks/useketua' from file 'D:/proyek/Tuntasin/components/layout/Sidebar.tsx'
    Imported via '@/hooks/useketua' from file 'D:/proyek/Tuntasin/components/layout/BottomNavigation.tsx'
    Imported via '@/hooks/useketua' from file 'D:/proyek/Tuntasin/components/threads/ThreadQuickView.tsx'
    Imported via '@/hooks/useketua' from file 'D:/proyek/Tuntasin/components/ketua/ketuaDashboard.tsx'
    Imported via '@/hooks/useketua' from file 'D:/proyek/Tuntasin/components/ketua/SubscriptionStatusCard.tsx'
    Imported via '@/hooks/useketua' from file 'D:/proyek/Tuntasin/components/schedule/ScheduleManager.tsx'
components/threads/ThreadQuickView.tsx(18,26): error TS1149: File name 'D:/proyek/Tuntasin/hooks/useketua.ts' differs from already included file name 'D:/proyek/Tuntasin/hooks/useKetua.ts' only in casing.
  The file is in the program because:
    Matched by include pattern '**/*.ts' in 'D:/proyek/Tuntasin/tsconfig.json'
    Imported via '@/hooks/useketua' from file 'D:/proyek/Tuntasin/components/layout/Sidebar.tsx'
    Imported via '@/hooks/useketua' from file 'D:/proyek/Tuntasin/components/layout/BottomNavigation.tsx'
    Imported via '@/hooks/useketua' from file 'D:/proyek/Tuntasin/components/threads/ThreadQuickView.tsx'
    Imported via '@/hooks/useketua' from file 'D:/proyek/Tuntasin/components/ketua/ketuaDashboard.tsx'
    Imported via '@/hooks/useketua' from file 'D:/proyek/Tuntasin/components/ketua/SubscriptionStatusCard.tsx'
    Imported via '@/hooks/useketua' from file 'D:/proyek/Tuntasin/components/schedule/ScheduleManager.tsx'
server/trpc/routers/schedule.ts(5,10): error TS2724: '"../trpc"' has no exported member named 'checkisKetua'. Did you mean 'checkIsKetua'?
server/trpc/routers/thread.ts(17,29): error TS2724: '"../trpc"' has no exported member named 'checkisKetua'. Did you mean 'checkIsKetua'?
